{"contracts/PublicArticle.sol":{"l":{"12":7,"13":7,"17":4,"18":3,"22":3,"26":1,"30":3,"34":2,"38":1},"path":"/home/android-m8d8y15/BLOCKCHAIN-PROJECT/blockchain-training/DAY-14/truffle-project/contracts/PublicArticle.sol","s":{"1":7,"2":4,"3":3,"4":1,"5":3,"6":2,"7":1},"b":{"1":[7,0],"2":[3,1]},"f":{"1":7,"2":4,"3":3,"4":1,"5":3,"6":2,"7":1},"fnMap":{"1":{"name":"onlyOwner","line":11,"loc":{"start":{"line":11,"column":4},"end":{"line":11,"column":22}}},"2":{"name":"limitedTime","line":16,"loc":{"start":{"line":16,"column":4},"end":{"line":16,"column":24}}},"3":{"name":"setArticleName","line":21,"loc":{"start":{"line":21,"column":4},"end":{"line":21,"column":63}}},"4":{"name":"setArticleText","line":25,"loc":{"start":{"line":25,"column":4},"end":{"line":25,"column":63}}},"5":{"name":"setDuration","line":29,"loc":{"start":{"line":29,"column":4},"end":{"line":29,"column":55}}},"6":{"name":"getArticleName","line":33,"loc":{"start":{"line":33,"column":4},"end":{"line":33,"column":68}}},"7":{"name":"getArticleText","line":37,"loc":{"start":{"line":37,"column":4},"end":{"line":37,"column":68}}}},"statementMap":{"1":{"start":{"line":12,"column":8},"end":{"line":12,"column":35}},"2":{"start":{"line":17,"column":8},"end":{"line":17,"column":30}},"3":{"start":{"line":22,"column":8},"end":{"line":22,"column":33}},"4":{"start":{"line":26,"column":8},"end":{"line":26,"column":33}},"5":{"start":{"line":30,"column":8},"end":{"line":30,"column":32}},"6":{"start":{"line":34,"column":8},"end":{"line":34,"column":26}},"7":{"start":{"line":38,"column":8},"end":{"line":38,"column":26}}},"branchMap":{"1":{"line":12,"type":"if","locations":[{"start":{"line":12,"column":8},"end":{"line":12,"column":8}},{"start":{"line":12,"column":8},"end":{"line":12,"column":8}}]},"2":{"line":17,"type":"if","locations":[{"start":{"line":17,"column":8},"end":{"line":17,"column":8}},{"start":{"line":17,"column":8},"end":{"line":17,"column":8}}]}}}}